make all --print-data-base --no-builtin-variables --no-builtin-rules --question
make: *** No rule to make target 'main.o', needed by 'minishell'.  Stop.

# GNU Make 4.3
# Built for x86_64-pc-linux-gnu
# Copyright (C) 1988-2020 Free Software Foundation, Inc.
# License GPLv3+: GNU GPL version 3 or later <http://gnu.org/licenses/gpl.html>
# This is free software: you are free to change and redistribute it.
# There is NO WARRANTY, to the extent permitted by law.

# Make data base, printed on Sun Sep  8 17:48:00 2024

# Variables

# environment
RUSTUP_HOME = /usr/share/rust/rustup
# environment
GDK_BACKEND = x11
# environment
LC_ALL = C
# environment
SSH_AGENT_LAUNCHER = gnome-keyring
# environment
GJS_DEBUG_OUTPUT = stderr
# makefile (from 'Makefile', line 31)
OFILES = $(CFILES:.c=.o)
# makefile (from 'Makefile', line 29)
CFILES = main.c more_cmds.c exit.c execute.c start.c signals.c pre_exec.c buildins/utils.c buildins/cd.c buildins/cd_find_path.c buildins/pwd.c  buildins/env.c buildins/echo.c buildins/echo_split.c buildins/quotes.c buildins/sorting.c buildins/xpand.c buildins/xport.c buildins/set_export.c buildins/unset.c pipex/pipex.c pipex/error.c pipex/init.c lexparse/minishell.c lexparse/remove_q.c lexparse/quote_count.c lexparse/open_quotes.c lexparse/split_shell.c lexparse/lexer.c lexparse/get_line_cnc.c lexparse/check_syntax.c lexparse/skip_q.c lexparse/parser.c lexparse/set.c lexparse/is_oq.c
# environment
VSCODE_CRASH_REPORTER_PROCESS_TYPE = extensionHost
# environment
VSCODE_CWD = /home/lbaumeis
# environment
LIBVIRT_DEFAULT_URI = qemu:///system
# environment
GDM_LANG = en
# default
MAKE_COMMAND := make
# environment
QT_ACCESSIBILITY = 1
# automatic
@D = $(patsubst %/,%,$(dir $@))
# environment
VSCODE_HANDLES_UNCAUGHT_ERRORS = true
# default
.VARIABLES := 
# environment
PWD = /home/lbaumeis/CCore/projects/minishell
# automatic
%D = $(patsubst %/,%,$(dir $%))
# environment
XDG_DATA_DIRS = /usr/share/ubuntu:/usr/share/gnome:/home/lbaumeis/.local/share/flatpak/exports/share:/var/lib/flatpak/exports/share:/usr/local/share:/usr/share:/var/lib/snapd/desktop
# environment
OLDPWD = /home/lbaumeis
# automatic
^D = $(patsubst %/,%,$(dir $^))
# automatic
%F = $(notdir $%)
# environment
VSCODE_CODE_CACHE_PATH = /home/lbaumeis/.config/Code/CachedData/b1c0a14de1414fcdaa400695b4db1c0799bc3124
# environment
XDG_SESSION_PATH = /org/freedesktop/DisplayManager/Session39
# environment
LANG = C
# environment
XAUTHORITY = /home/lbaumeis/.Xauthority
# default
.LOADED := 
# default
.INCLUDE_DIRS = /usr/local/include /usr/include /usr/include
# makefile
MAKEFLAGS = pqrR -j16 --jobserver-auth=3,4
# makefile
CURDIR := /home/lbaumeis/CCore/projects/minishell
# environment
APPLICATION_INSIGHTS_NO_DIAGNOSTIC_CHANNEL = true
# automatic
*D = $(patsubst %/,%,$(dir $*))
# environment
MFLAGS = -pqrR -j16 --jobserver-auth=3,4
# environment
SSH_AUTH_SOCK = /run/user/101355/keyring/ssh
# default
.SHELLFLAGS := -c
# environment
XDG_CONFIG_DIRS = /etc/xdg/xdg-ubuntu:/etc/xdg
# automatic
+D = $(patsubst %/,%,$(dir $+))
# environment
XDG_SESSION_DESKTOP = ubuntu
# makefile (from 'Makefile', line 1)
MAKEFILE_LIST := Makefile
# automatic
@F = $(notdir $@)
# environment
VSCODE_PID = 3506560
# environment
KRB5CCNAME = FILE:/tmp/krb5cc_101355_fpgiY9
# environment
XDG_SESSION_TYPE = x11
# automatic
?D = $(patsubst %/,%,$(dir $?))
# environment
SESSION_MANAGER = local/c3r10p3.42vienna.com:@/tmp/.ICE-unix/3461216,unix/c3r10p3.42vienna.com:/tmp/.ICE-unix/3461216
# automatic
*F = $(notdir $*)
# makefile (from 'Makefile', line 34)
NUMTH = $(shell nproc)
# environment
CHROME_DESKTOP = code-url-handler.desktop
# environment
DBUS_SESSION_BUS_ADDRESS = unix:path=/run/user/101355/bus
# automatic
<D = $(patsubst %/,%,$(dir $<))
# environment
VSCODE_NLS_CONFIG = {"userLocale":"en-us","osLocale":"en","resolvedLanguage":"en","defaultMessagesFile":"/usr/share/code/resources/app/out/nls.messages.json","locale":"en","availableLanguages":{}}
# default
MAKE_HOST := x86_64-pc-linux-gnu
# environment
GNOME_DESKTOP_SESSION_ID = this-is-deprecated
# makefile
SHELL = /bin/sh
# default
MAKECMDGOALS := all
# environment
XMODIFIERS = @im=ibus
# environment
GJS_DEBUG_TOPICS = JS ERROR;JS LOG
# environment
SHLVL = 0
# environment
MAKELEVEL := 0
# default
MAKE = $(MAKE_COMMAND)
# environment
PATH = /home/lbaumeis/.local/funcheck/host:/home/lbaumeis/bin:/usr/local/sbin:/usr/local/bin:/usr/sbin:/usr/bin:/sbin:/bin:/usr/games:/usr/local/games:/snap/bin:/usr/share/rust/cargo/bin
# default
MAKEFILES := 
# environment
LANGUAGE = en
# automatic
^F = $(notdir $^)
# environment
CARGO_HOME = /usr/share/rust/cargo
# environment
INVOCATION_ID = 9a9fa0c3789541518c6ed71e57ec0702
# environment
DOCKER_HOST = unix:///run/user/101355/docker.sock
# automatic
?F = $(notdir $?)
# makefile (from 'Makefile', line 32)
NAME = minishell
# environment
GTK_IM_MODULE = ibus
# environment
XDG_CURRENT_DESKTOP = Unity
# automatic
+F = $(notdir $+)
# environment
XDG_SEAT_PATH = /org/freedesktop/DisplayManager/Seat0
# environment
DESKTOP_SESSION = ubuntu
# environment
ORIGINAL_XDG_CURRENT_DESKTOP = ubuntu:GNOME
# 'override' directive
GNUMAKEFLAGS := 
# environment
LOGNAME = lbaumeis
# environment
GIO_LAUNCHED_DESKTOP_FILE = /usr/share/applications/code.desktop
# makefile
.DEFAULT_GOAL := all
# environment
SYSTEMD_EXEC_PID = 3461235
# environment
DISPLAY = :0
# environment
USER = lbaumeis
# environment
GTK_MODULES = gail:atk-bridge
# default
MAKE_VERSION := 4.3
# 'override' directive
.SHELLSTATUS := 0
# environment
MANAGERPID = 3460656
# environment
GIO_LAUNCHED_DESKTOP_FILE_PID = 3506560
# environment
_ = /usr/share/code/code
# environment
XDG_RUNTIME_DIR = /run/user/101355
# makefile (from 'Makefile', line 14)
CFLAGS = -Wall -Werror -Wextra -g
# environment
GPG_AGENT_INFO = /run/user/101355/gnupg/S.gpg-agent:0:1
# environment
JOURNAL_STREAM = 8:8616681
# environment
XDG_SESSION_CLASS = user
# environment
VSCODE_AMD_ENTRYPOINT = vs/workbench/api/node/extensionHostProcess
# environment
HOME = /home/lbaumeis
# environment
QT_IM_MODULE = ibus
# environment
ELECTRON_RUN_AS_NODE = 1
# environment
VSCODE_IPC_HOOK = /run/user/101355/vscode-5929a10d-1.92-main.sock
# environment
FT_HOOK_PATHNAME = login-user.d
# default
.RECIPEPREFIX := 
# automatic
<F = $(notdir $<)
# default
SUFFIXES := 
# environment
FT_HOOK_NAME = login-user
# environment
XDG_GREETER_DATA_DIR = /var/lib/lightdm-data/lbaumeis
# default
.FEATURES := target-specific order-only second-expansion else-if shortest-stem undefine oneshell nocomment grouped-target extra-prereqs archives jobserver output-sync check-symlink load
# makefile (from 'Makefile', line 13)
CC = cc
# environment
XDG_MENU_PREFIX = gnome-
# environment
GDMSESSION = ubuntu
# variable set hash-table stats:
# Load=108/1024=11%, Rehash=0, Collisions=3/163=2%

# Pattern-specific Variable Values

# No pattern-specific variable values.

# Directories

# . (device 2048, inode 4260053): 21 files, no impossibilities.

# 21 files, no impossibilities in 1 directories.

# Implicit Rules

# No implicit rules.

# Files

.c.o:
#  Implicit rule search has not been done.
#  Modification time never checked.
#  File has not been updated.
#  recipe to execute (from 'Makefile', line 17):
	$(CC) $(CFLAGS) -c $< -o $@

# Not a target:
buildins/unset.o:
#  Implicit rule search has not been done.
#  Modification time never checked.
#  File has not been updated.

# Not a target:
lexparse/lexer.o:
#  Implicit rule search has not been done.
#  Modification time never checked.
#  File has not been updated.

# Not a target:
lexparse/is_oq.o:
#  Implicit rule search has not been done.
#  Modification time never checked.
#  File has not been updated.

# Not a target:
lexparse/get_line_cnc.o:
#  Implicit rule search has not been done.
#  Modification time never checked.
#  File has not been updated.

minishell: main.o more_cmds.o exit.o execute.o start.o signals.o pre_exec.o buildins/utils.o buildins/cd.o buildins/cd_find_path.o buildins/pwd.o buildins/env.o buildins/echo.o buildins/echo_split.o buildins/quotes.o buildins/sorting.o buildins/xpand.o buildins/xport.o buildins/set_export.o buildins/unset.o pipex/pipex.o pipex/error.o pipex/init.o lexparse/minishell.o lexparse/remove_q.o lexparse/quote_count.o lexparse/open_quotes.o lexparse/split_shell.o lexparse/lexer.o lexparse/get_line_cnc.o lexparse/check_syntax.o lexparse/skip_q.o lexparse/parser.o lexparse/set.o lexparse/is_oq.o
#  Implicit rule search has not been done.
#  Last modified 2024-09-08 17:47:03.10042792
#  File has not been updated.
#  recipe to execute (from 'Makefile', line 40):
	($(MAKE) -C libft)
	$(CC) $(CFLAGS) -o $@ $^ libft/libft.a -lreadline
	rm -f out
	rm -f hd
	rm -f buildins.h.gch

# Not a target:
buildins/xport.o:
#  Implicit rule search has not been done.
#  Modification time never checked.
#  File has not been updated.

# Not a target:
lexparse/parser.o:
#  Implicit rule search has not been done.
#  Modification time never checked.
#  File has not been updated.

# Not a target:
lexparse/check_syntax.o:
#  Implicit rule search has not been done.
#  Modification time never checked.
#  File has not been updated.

# Not a target:
pipex/init.o:
#  Implicit rule search has not been done.
#  Modification time never checked.
#  File has not been updated.

# Not a target:
signals.o:
#  Implicit rule search has not been done.
#  Modification time never checked.
#  File has not been updated.

# Not a target:
Makefile:
#  Implicit rule search has been done.
#  Last modified 2024-09-05 11:36:22.322763448
#  File has been updated.
#  Successfully updated.

# Not a target:
pipex/error.o:
#  Implicit rule search has not been done.
#  Modification time never checked.
#  File has not been updated.

# Not a target:
exit.o:
#  Implicit rule search has not been done.
#  Modification time never checked.
#  File has not been updated.

# Not a target:
execute.o:
#  Implicit rule search has not been done.
#  Modification time never checked.
#  File has not been updated.

clean:
#  Phony target (prerequisite of .PHONY).
#  Implicit rule search has not been done.
#  File does not exist.
#  File has not been updated.
#  recipe to execute (from 'Makefile', line 47):
	($(MAKE) -C libft clean)
	rm -f $(OFILES)
	rm -f out
	rm -f hd
	rm -f buildins.h.gch

# Not a target:
buildins/set_export.o:
#  Implicit rule search has not been done.
#  Modification time never checked.
#  File has not been updated.

re: fclean
#  Phony target (prerequisite of .PHONY).
#  Implicit rule search has not been done.
#  File does not exist.
#  File has not been updated.
#  recipe to execute (from 'Makefile', line 61):
	$(MAKE) all

# Not a target:
buildins/pwd.o:
#  Implicit rule search has not been done.
#  Modification time never checked.
#  File has not been updated.

mval: re
#  Phony target (prerequisite of .PHONY).
#  Implicit rule search has not been done.
#  File does not exist.
#  File has not been updated.
#  recipe to execute (from 'Makefile', line 64):
 
	($(MAKE) -C libft clean)
	rm -f $(OFILES)
	rm -f out
	rm -f hd
	rm -f buildins.h.gch
	rm -f vgcore.*
	valgrind -s --show-leak-kinds=all --track-fds=yes --leak-check=full --track-origins=yes --suppressions=.vgignore ./$(NAME)

# Not a target:
pipex/pipex.o:
#  Implicit rule search has not been done.
#  Modification time never checked.
#  File has not been updated.

# Not a target:
lexparse/split_shell.o:
#  Implicit rule search has not been done.
#  Modification time never checked.
#  File has not been updated.

# Not a target:
buildins/xpand.o:
#  Implicit rule search has not been done.
#  Modification time never checked.
#  File has not been updated.

# Not a target:
.DEFAULT:
#  Implicit rule search has not been done.
#  Modification time never checked.
#  File has not been updated.

# Not a target:
buildins/env.o:
#  Implicit rule search has not been done.
#  Modification time never checked.
#  File has not been updated.

all: minishell
#  Phony target (prerequisite of .PHONY).
#  Command line target.
#  Implicit rule search has not been done.
#  File does not exist.
#  File has not been updated.

fclean: clean
#  Phony target (prerequisite of .PHONY).
#  Implicit rule search has not been done.
#  File does not exist.
#  File has not been updated.
#  recipe to execute (from 'Makefile', line 54):
	($(MAKE) -C libft fclean)
	rm -f $(NAME)
	rm -f out
	rm -f hd
	rm -f buildins.h.gch

# Not a target:
buildins/cd.o:
#  Implicit rule search has not been done.
#  Modification time never checked.
#  File has not been updated.

# Not a target:
start.o:
#  Implicit rule search has not been done.
#  Modification time never checked.
#  File has not been updated.

# Not a target:
buildins/cd_find_path.o:
#  Implicit rule search has not been done.
#  Modification time never checked.
#  File has not been updated.

# Not a target:
buildins/utils.o:
#  Implicit rule search has not been done.
#  Modification time never checked.
#  File has not been updated.

# Not a target:
lexparse/open_quotes.o:
#  Implicit rule search has not been done.
#  Modification time never checked.
#  File has not been updated.

# Not a target:
lexparse/skip_q.o:
#  Implicit rule search has not been done.
#  Modification time never checked.
#  File has not been updated.

# Not a target:
buildins/quotes.o:
#  Implicit rule search has not been done.
#  Modification time never checked.
#  File has not been updated.

# Not a target:
pre_exec.o:
#  Implicit rule search has not been done.
#  Modification time never checked.
#  File has not been updated.

# Not a target:
main.o:
#  Implicit rule search has been done.
#  File does not exist.
#  File has not been updated.

# Not a target:
more_cmds.o:
#  Implicit rule search has not been done.
#  Modification time never checked.
#  File has not been updated.

# Not a target:
lexparse/minishell.o:
#  Implicit rule search has not been done.
#  Modification time never checked.
#  File has not been updated.

# Not a target:
buildins/sorting.o:
#  Implicit rule search has not been done.
#  Modification time never checked.
#  File has not been updated.

# Not a target:
lexparse/remove_q.o:
#  Implicit rule search has not been done.
#  Modification time never checked.
#  File has not been updated.

# Not a target:
buildins/echo_split.o:
#  Implicit rule search has not been done.
#  Modification time never checked.
#  File has not been updated.

# Not a target:
lexparse/quote_count.o:
#  Implicit rule search has not been done.
#  Modification time never checked.
#  File has not been updated.

.PHONY: all clean fclean re mval
#  Implicit rule search has not been done.
#  Modification time never checked.
#  File has not been updated.

# Not a target:
lexparse/set.o:
#  Implicit rule search has not been done.
#  Modification time never checked.
#  File has not been updated.

# Not a target:
buildins/echo.o:
#  Implicit rule search has not been done.
#  Modification time never checked.
#  File has not been updated.

# files hash-table stats:
# Load=46/1024=4%, Rehash=0, Collisions=1/102=1%
# VPATH Search Paths

# No 'vpath' search paths.

# No general ('VPATH' variable) search path.

# strcache buffers: 1 (0) / strings = 67 / storage = 846 B / avg = 12 B
# current buf: size = 8162 B / used = 846 B / count = 67 / avg = 12 B

# strcache performance: lookups = 90 / hit rate = 25%
# hash-table stats:
# Load=67/8192=1%, Rehash=0, Collisions=1/90=1%
# Finished Make data base on Sun Sep  8 17:48:00 2024

 
